<?xml version="1.0" encoding="UTF-8" ?>
<testsuite tests="7" failures="0" name="ru.spbstu.telematics.java.AppTest" time="0.02" errors="0" skipped="0">
  <properties>
[...]
</properties>
  <testcase classname="ru.spbstu.telematics.java.AppTest" name="testApp" time="0.017"/>
  <testcase classname="ru.spbstu.telematics.java.AppTest" name="testGet" time="0"/>
  <testcase classname="ru.spbstu.telematics.java.AppTest" name="testPut" time="0"/>
  <testcase classname="ru.spbstu.telematics.java.AppTest" name="testSets" time="0.001"/>
  <testcase classname="ru.spbstu.telematics.java.AppTest" name="testContains" time="0.001"/>
  <testcase classname="ru.spbstu.telematics.java.AppTest" name="testInverse" time="0"/>
  <testcase classname="ru.spbstu.telematics.java.AppTest" name="testRemove" time="0.001"/>
</testsuite>